<?xml version="1.0" encoding="UTF-8"?>
<testng-results skipped="0" failed="0" ignored="0" total="1" passed="1">
  <reporter-output>
  </reporter-output>
  <suite name="Surefire suite" duration-ms="56" started-at="2022-01-18T11:21:16 GMT+05:30" finished-at="2022-01-18T11:21:16 GMT+05:30">
    <groups>
    </groups>
    <test name="Surefire test" duration-ms="56" started-at="2022-01-18T11:21:16 GMT+05:30" finished-at="2022-01-18T11:21:16 GMT+05:30">
      <class name="comprehensive.maven.AppTest">
        <test-method status="PASS" signature="shouldAnswerWithTrue()" name="shouldAnswerWithTrue" duration-ms="7" started-at="2022-01-18T11:21:16 GMT+05:30" finished-at="2022-01-18T11:21:16 GMT+05:30">
          <reporter-output>
          </reporter-output>
        </test-method> <!-- shouldAnswerWithTrue -->
      </class> <!-- comprehensive.maven.AppTest -->
    </test> <!-- Surefire test -->
  </suite> <!-- Surefire suite -->
</testng-results>
